<?xml version="1.0" encoding="UTF-8"?>
<testng-results skipped="0" failed="1" ignored="0" total="6" passed="5">
  <reporter-output>
  </reporter-output>
  <suite name="Suite" duration-ms="36980" started-at="2017-02-20T11:32:33Z" finished-at="2017-02-20T11:33:10Z">
    <groups>
    </groups>
    <test name="Test" duration-ms="18687" started-at="2017-02-20T11:32:33Z" finished-at="2017-02-20T11:32:52Z">
      <class name="verify.CrossBrowser">
        <test-method status="PASS" signature="browserName(java.lang.String)[pri:0, instance:verify.CrossBrowser@2d45ba]" name="browserName" duration-ms="7876" started-at="2017-02-20T05:32:33Z" finished-at="2017-02-20T05:32:41Z">
          <params>
            <param index="0">
              <value>
                <![CDATA[firefox]]>
              </value>
            </param>
          </params>
          <reporter-output>
          </reporter-output>
        </test-method> <!-- browserName -->
        <test-method status="PASS" signature="page()[pri:0, instance:verify.CrossBrowser@2d45ba]" name="page" duration-ms="10773" started-at="2017-02-20T05:32:41Z" depends-on-methods="verify.CrossBrowser.browserName" finished-at="2017-02-20T05:32:52Z">
          <reporter-output>
          </reporter-output>
        </test-method> <!-- page -->
      </class> <!-- verify.CrossBrowser -->
    </test> <!-- Test -->
    <test name="Test2" duration-ms="15016" started-at="2017-02-20T11:32:52Z" finished-at="2017-02-20T11:33:07Z">
      <class name="verify.CrossBrowser">
        <test-method status="PASS" signature="browserName(java.lang.String)[pri:0, instance:verify.CrossBrowser@4edc67]" name="browserName" duration-ms="3477" started-at="2017-02-20T05:32:52Z" finished-at="2017-02-20T05:32:55Z">
          <params>
            <param index="0">
              <value>
                <![CDATA[chrome]]>
              </value>
            </param>
          </params>
          <reporter-output>
          </reporter-output>
        </test-method> <!-- browserName -->
        <test-method status="PASS" signature="page()[pri:0, instance:verify.CrossBrowser@4edc67]" name="page" duration-ms="11533" started-at="2017-02-20T05:32:55Z" depends-on-methods="verify.CrossBrowser.browserName" finished-at="2017-02-20T05:33:07Z">
          <reporter-output>
          </reporter-output>
        </test-method> <!-- page -->
      </class> <!-- verify.CrossBrowser -->
    </test> <!-- Test2 -->
    <test name="Test3" duration-ms="3171" started-at="2017-02-20T11:33:07Z" finished-at="2017-02-20T11:33:10Z">
      <class name="verify.CrossBrowser">
        <test-method status="PASS" signature="browserName(java.lang.String)[pri:0, instance:verify.CrossBrowser@3884b2]" name="browserName" duration-ms="3083" started-at="2017-02-20T05:33:07Z" finished-at="2017-02-20T05:33:10Z">
          <params>
            <param index="0">
              <value>
                <![CDATA[ie]]>
              </value>
            </param>
          </params>
          <reporter-output>
          </reporter-output>
        </test-method> <!-- browserName -->
        <test-method status="FAIL" signature="page()[pri:0, instance:verify.CrossBrowser@3884b2]" name="page" duration-ms="78" started-at="2017-02-20T05:33:10Z" depends-on-methods="verify.CrossBrowser.browserName" finished-at="2017-02-20T05:33:10Z">
          <exception class="org.openqa.selenium.WebDriverException">
            <message>
              <![CDATA[Failed to navigate to http://www.yahoo.com. This usually means that a call to the COM method IWebBrowser2::Navigate2() failed. (WARNING: The server did not provide any stacktrace information)
Command duration or timeout: 14 milliseconds
Build info: version: 'unknown', revision: 'c7b525d', time: '2016-09-01 14:52:30 -0700'
System info: host: 'DESKTOP-V7SAQ40', ip: '192.168.1.163', os.name: 'Windows 10', os.arch: 'x86', os.version: '10.0', java.version: '1.8.0_121'
Driver info: org.openqa.selenium.ie.InternetExplorerDriver
Capabilities [{browserAttachTimeout=0, ie.enableFullPageScreenshot=true, enablePersistentHover=true, ie.forceCreateProcessApi=false, ie.forceShellWindowsApi=false, pageLoadStrategy=normal, ignoreZoomSetting=false, ie.fileUploadDialogTimeout=3000, version=11, platform=WINDOWS, nativeEvents=true, ie.ensureCleanSession=false, elementScrollBehavior=0, ie.browserCommandLineSwitches=, requireWindowFocus=false, browserName=internet explorer, initialBrowserUrl=http://localhost:35156/, javascriptEnabled=true, ignoreProtectedModeSettings=true, enableElementCacheCleanup=true, unexpectedAlertBehaviour=dismiss}]
Session ID: d8706cea-5162-44fd-bb92-e71956b1c806]]>
            </message>
            <full-stacktrace>
              <![CDATA[org.openqa.selenium.WebDriverException: Failed to navigate to http://www.yahoo.com. This usually means that a call to the COM method IWebBrowser2::Navigate2() failed. (WARNING: The server did not provide any stacktrace information)
Command duration or timeout: 14 milliseconds
Build info: version: 'unknown', revision: 'c7b525d', time: '2016-09-01 14:52:30 -0700'
System info: host: 'DESKTOP-V7SAQ40', ip: '192.168.1.163', os.name: 'Windows 10', os.arch: 'x86', os.version: '10.0', java.version: '1.8.0_121'
Driver info: org.openqa.selenium.ie.InternetExplorerDriver
Capabilities [{browserAttachTimeout=0, ie.enableFullPageScreenshot=true, enablePersistentHover=true, ie.forceCreateProcessApi=false, ie.forceShellWindowsApi=false, pageLoadStrategy=normal, ignoreZoomSetting=false, ie.fileUploadDialogTimeout=3000, version=11, platform=WINDOWS, nativeEvents=true, ie.ensureCleanSession=false, elementScrollBehavior=0, ie.browserCommandLineSwitches=, requireWindowFocus=false, browserName=internet explorer, initialBrowserUrl=http://localhost:35156/, javascriptEnabled=true, ignoreProtectedModeSettings=true, enableElementCacheCleanup=true, unexpectedAlertBehaviour=dismiss}]
Session ID: d8706cea-5162-44fd-bb92-e71956b1c806
	at sun.reflect.NativeConstructorAccessorImpl.newInstance0(Native Method)
	at sun.reflect.NativeConstructorAccessorImpl.newInstance(Unknown Source)
	at sun.reflect.DelegatingConstructorAccessorImpl.newInstance(Unknown Source)
	at java.lang.reflect.Constructor.newInstance(Unknown Source)
	at org.openqa.selenium.remote.ErrorHandler.createThrowable(ErrorHandler.java:206)
	at org.openqa.selenium.remote.ErrorHandler.throwIfResponseFailed(ErrorHandler.java:158)
	at org.openqa.selenium.remote.RemoteWebDriver.execute(RemoteWebDriver.java:631)
	at org.openqa.selenium.remote.RemoteWebDriver.get(RemoteWebDriver.java:323)
	at verify.CrossBrowser.page(CrossBrowser.java:47)
	at sun.reflect.NativeMethodAccessorImpl.invoke0(Native Method)
	at sun.reflect.NativeMethodAccessorImpl.invoke(Unknown Source)
	at sun.reflect.DelegatingMethodAccessorImpl.invoke(Unknown Source)
	at java.lang.reflect.Method.invoke(Unknown Source)
	at org.testng.internal.MethodInvocationHelper.invokeMethod(MethodInvocationHelper.java:104)
	at org.testng.internal.Invoker.invokeMethod(Invoker.java:645)
	at org.testng.internal.Invoker.invokeTestMethod(Invoker.java:851)
	at org.testng.internal.Invoker.invokeTestMethods(Invoker.java:1177)
	at org.testng.internal.TestMethodWorker.invokeTestMethods(TestMethodWorker.java:129)
	at org.testng.internal.TestMethodWorker.run(TestMethodWorker.java:112)
	at org.testng.TestRunner.privateRun(TestRunner.java:756)
	at org.testng.TestRunner.run(TestRunner.java:610)
	at org.testng.SuiteRunner.runTest(SuiteRunner.java:387)
	at org.testng.SuiteRunner.runSequentially(SuiteRunner.java:382)
	at org.testng.SuiteRunner.privateRun(SuiteRunner.java:340)
	at org.testng.SuiteRunner.run(SuiteRunner.java:289)
	at org.testng.SuiteRunnerWorker.runSuite(SuiteRunnerWorker.java:52)
	at org.testng.SuiteRunnerWorker.run(SuiteRunnerWorker.java:86)
	at org.testng.TestNG.runSuitesSequentially(TestNG.java:1293)
	at org.testng.TestNG.runSuitesLocally(TestNG.java:1218)
	at org.testng.TestNG.runSuites(TestNG.java:1133)
	at org.testng.TestNG.run(TestNG.java:1104)
	at org.testng.remote.AbstractRemoteTestNG.run(AbstractRemoteTestNG.java:132)
	at org.testng.remote.RemoteTestNG.initAndRun(RemoteTestNG.java:236)
	at org.testng.remote.RemoteTestNG.main(RemoteTestNG.java:81)
]]>
            </full-stacktrace>
          </exception> <!-- org.openqa.selenium.WebDriverException -->
          <reporter-output>
          </reporter-output>
        </test-method> <!-- page -->
      </class> <!-- verify.CrossBrowser -->
    </test> <!-- Test3 -->
  </suite> <!-- Suite -->
</testng-results>
